[0.005s] Invoking command in '/home/ps/develop/evt/tiangong2dex_urdf/build/tiangong2dex_urdf': CMAKE_PREFIX_PATH=${CMAKE_PREFIX_PATH}:/opt/ros/humble /home/ps/.local/bin/cmake --build /home/ps/develop/evt/tiangong2dex_urdf/build/tiangong2dex_urdf -- -j32 -l32
[0.049s] Invoked command in '/home/ps/develop/evt/tiangong2dex_urdf/build/tiangong2dex_urdf' returned '0': CMAKE_PREFIX_PATH=${CMAKE_PREFIX_PATH}:/opt/ros/humble /home/ps/.local/bin/cmake --build /home/ps/develop/evt/tiangong2dex_urdf/build/tiangong2dex_urdf -- -j32 -l32
[0.086s] Invoking command in '/home/ps/develop/evt/tiangong2dex_urdf/build/tiangong2dex_urdf': CMAKE_PREFIX_PATH=${CMAKE_PREFIX_PATH}:/opt/ros/humble /home/ps/.local/bin/cmake --install /home/ps/develop/evt/tiangong2dex_urdf/build/tiangong2dex_urdf
[0.120s] -- Install configuration: ""
[0.120s] -- Up-to-date: /home/ps/develop/evt/tiangong2dex_urdf/install/tiangong2dex_urdf/share/tiangong2dex_urdf/launch
[0.120s] -- Up-to-date: /home/ps/develop/evt/tiangong2dex_urdf/install/tiangong2dex_urdf/share/tiangong2dex_urdf/launch/display.launch.py
[0.121s] -- Up-to-date: /home/ps/develop/evt/tiangong2dex_urdf/install/tiangong2dex_urdf/share/tiangong2dex_urdf/launch/gazebo.launch.py
[0.121s] -- Up-to-date: /home/ps/develop/evt/tiangong2dex_urdf/install/tiangong2dex_urdf/share/tiangong2dex_urdf/urdf
[0.121s] -- Up-to-date: /home/ps/develop/evt/tiangong2dex_urdf/install/tiangong2dex_urdf/share/tiangong2dex_urdf/urdf/tiangong2dex.urdf.xacro
[0.121s] -- Installing: /home/ps/develop/evt/tiangong2dex_urdf/install/tiangong2dex_urdf/share/tiangong2dex_urdf/urdf/tiangong2dex.urdf
[0.121s] -- Up-to-date: /home/ps/develop/evt/tiangong2dex_urdf/install/tiangong2dex_urdf/share/tiangong2dex_urdf/meshes
[0.121s] -- Up-to-date: /home/ps/develop/evt/tiangong2dex_urdf/install/tiangong2dex_urdf/share/tiangong2dex_urdf/meshes/shoulder_roll_r_link.STL
[0.121s] -- Up-to-date: /home/ps/develop/evt/tiangong2dex_urdf/install/tiangong2dex_urdf/share/tiangong2dex_urdf/meshes/RGB_head_front_link.STL
[0.121s] -- Up-to-date: /home/ps/develop/evt/tiangong2dex_urdf/install/tiangong2dex_urdf/share/tiangong2dex_urdf/meshes/radar_head_link.STL
[0.121s] -- Up-to-date: /home/ps/develop/evt/tiangong2dex_urdf/install/tiangong2dex_urdf/share/tiangong2dex_urdf/meshes/ankle_roll_r_link.STL
[0.121s] -- Up-to-date: /home/ps/develop/evt/tiangong2dex_urdf/install/tiangong2dex_urdf/share/tiangong2dex_urdf/meshes/RGB_head_front_left_link.STL
[0.121s] -- Up-to-date: /home/ps/develop/evt/tiangong2dex_urdf/install/tiangong2dex_urdf/share/tiangong2dex_urdf/meshes/waist_pitch_link.STL
[0.121s] -- Up-to-date: /home/ps/develop/evt/tiangong2dex_urdf/install/tiangong2dex_urdf/share/tiangong2dex_urdf/meshes/shoulder_roll_l_link.STL
[0.121s] -- Up-to-date: /home/ps/develop/evt/tiangong2dex_urdf/install/tiangong2dex_urdf/share/tiangong2dex_urdf/meshes/wrist_pitch_l_link.STL
[0.121s] -- Up-to-date: /home/ps/develop/evt/tiangong2dex_urdf/install/tiangong2dex_urdf/share/tiangong2dex_urdf/meshes/camera_head_link.STL
[0.121s] -- Up-to-date: /home/ps/develop/evt/tiangong2dex_urdf/install/tiangong2dex_urdf/share/tiangong2dex_urdf/meshes/RGB_head_back_link.STL
[0.121s] -- Up-to-date: /home/ps/develop/evt/tiangong2dex_urdf/install/tiangong2dex_urdf/share/tiangong2dex_urdf/meshes/shoulder_yaw_l_link.STL
[0.121s] -- Up-to-date: /home/ps/develop/evt/tiangong2dex_urdf/install/tiangong2dex_urdf/share/tiangong2dex_urdf/meshes/elbow_pitch_r_link.STL
[0.121s] -- Up-to-date: /home/ps/develop/evt/tiangong2dex_urdf/install/tiangong2dex_urdf/share/tiangong2dex_urdf/meshes/waist_roll_link.STL
[0.121s] -- Up-to-date: /home/ps/develop/evt/tiangong2dex_urdf/install/tiangong2dex_urdf/share/tiangong2dex_urdf/meshes/hip_yaw_r_link.STL
[0.121s] -- Up-to-date: /home/ps/develop/evt/tiangong2dex_urdf/install/tiangong2dex_urdf/share/tiangong2dex_urdf/meshes/RGB_head_front_right_link.STL
[0.121s] -- Up-to-date: /home/ps/develop/evt/tiangong2dex_urdf/install/tiangong2dex_urdf/share/tiangong2dex_urdf/meshes/left_tcp_link.STL
[0.122s] -- Up-to-date: /home/ps/develop/evt/tiangong2dex_urdf/install/tiangong2dex_urdf/share/tiangong2dex_urdf/meshes/ankle_pitch_r_link.STL
[0.122s] -- Up-to-date: /home/ps/develop/evt/tiangong2dex_urdf/install/tiangong2dex_urdf/share/tiangong2dex_urdf/meshes/hip_pitch_r_link.STL
[0.122s] -- Up-to-date: /home/ps/develop/evt/tiangong2dex_urdf/install/tiangong2dex_urdf/share/tiangong2dex_urdf/meshes/RGB_head_back_right_link.STL
[0.122s] -- Up-to-date: /home/ps/develop/evt/tiangong2dex_urdf/install/tiangong2dex_urdf/share/tiangong2dex_urdf/meshes/right_tcp_link.STL
[0.122s] -- Up-to-date: /home/ps/develop/evt/tiangong2dex_urdf/install/tiangong2dex_urdf/share/tiangong2dex_urdf/meshes/RGB_head_back_left_link.STL
[0.122s] -- Up-to-date: /home/ps/develop/evt/tiangong2dex_urdf/install/tiangong2dex_urdf/share/tiangong2dex_urdf/meshes/hip_roll_l_link.STL
[0.122s] -- Up-to-date: /home/ps/develop/evt/tiangong2dex_urdf/install/tiangong2dex_urdf/share/tiangong2dex_urdf/meshes/elbow_pitch_l_link.STL
[0.122s] -- Up-to-date: /home/ps/develop/evt/tiangong2dex_urdf/install/tiangong2dex_urdf/share/tiangong2dex_urdf/meshes/hip_pitch_l_link.STL
[0.122s] -- Up-to-date: /home/ps/develop/evt/tiangong2dex_urdf/install/tiangong2dex_urdf/share/tiangong2dex_urdf/meshes/knee_pitch_r_link.STL
[0.122s] -- Up-to-date: /home/ps/develop/evt/tiangong2dex_urdf/install/tiangong2dex_urdf/share/tiangong2dex_urdf/meshes/shoulder_pitch_r_link.STL
[0.122s] -- Up-to-date: /home/ps/develop/evt/tiangong2dex_urdf/install/tiangong2dex_urdf/share/tiangong2dex_urdf/meshes/hip_yaw_l_link.STL
[0.122s] -- Up-to-date: /home/ps/develop/evt/tiangong2dex_urdf/install/tiangong2dex_urdf/share/tiangong2dex_urdf/meshes/shoulder_pitch_l_link.STL
[0.122s] -- Up-to-date: /home/ps/develop/evt/tiangong2dex_urdf/install/tiangong2dex_urdf/share/tiangong2dex_urdf/meshes/head_yaw_link.STL
[0.122s] -- Up-to-date: /home/ps/develop/evt/tiangong2dex_urdf/install/tiangong2dex_urdf/share/tiangong2dex_urdf/meshes/elbow_yaw_l_link.STL
[0.122s] -- Up-to-date: /home/ps/develop/evt/tiangong2dex_urdf/install/tiangong2dex_urdf/share/tiangong2dex_urdf/meshes/elbow_yaw_r_link.STL
[0.122s] -- Up-to-date: /home/ps/develop/evt/tiangong2dex_urdf/install/tiangong2dex_urdf/share/tiangong2dex_urdf/meshes/wrist_roll_r_link.STL
[0.122s] -- Up-to-date: /home/ps/develop/evt/tiangong2dex_urdf/install/tiangong2dex_urdf/share/tiangong2dex_urdf/meshes/pelvis.STL
[0.122s] -- Up-to-date: /home/ps/develop/evt/tiangong2dex_urdf/install/tiangong2dex_urdf/share/tiangong2dex_urdf/meshes/hip_roll_r_link.STL
[0.122s] -- Up-to-date: /home/ps/develop/evt/tiangong2dex_urdf/install/tiangong2dex_urdf/share/tiangong2dex_urdf/meshes/camera_body_front_link.STL
[0.122s] -- Up-to-date: /home/ps/develop/evt/tiangong2dex_urdf/install/tiangong2dex_urdf/share/tiangong2dex_urdf/meshes/ankle_roll_l_link.STL
[0.123s] -- Up-to-date: /home/ps/develop/evt/tiangong2dex_urdf/install/tiangong2dex_urdf/share/tiangong2dex_urdf/meshes/imu_link.STL
[0.123s] -- Up-to-date: /home/ps/develop/evt/tiangong2dex_urdf/install/tiangong2dex_urdf/share/tiangong2dex_urdf/meshes/wrist_pitch_r_link.STL
[0.123s] -- Up-to-date: /home/ps/develop/evt/tiangong2dex_urdf/install/tiangong2dex_urdf/share/tiangong2dex_urdf/meshes/knee_pitch_l_link.STL
[0.123s] -- Up-to-date: /home/ps/develop/evt/tiangong2dex_urdf/install/tiangong2dex_urdf/share/tiangong2dex_urdf/meshes/ankle_pitch_l_link.STL
[0.123s] -- Up-to-date: /home/ps/develop/evt/tiangong2dex_urdf/install/tiangong2dex_urdf/share/tiangong2dex_urdf/meshes/shoulder_yaw_r_link.STL
[0.123s] -- Up-to-date: /home/ps/develop/evt/tiangong2dex_urdf/install/tiangong2dex_urdf/share/tiangong2dex_urdf/meshes/wrist_roll_l_link.STL
[0.123s] -- Up-to-date: /home/ps/develop/evt/tiangong2dex_urdf/install/tiangong2dex_urdf/share/tiangong2dex_urdf/meshes/waist_yaw_link.STL
[0.123s] -- Up-to-date: /home/ps/develop/evt/tiangong2dex_urdf/install/tiangong2dex_urdf/share/tiangong2dex_urdf/meshes_hand
[0.123s] -- Up-to-date: /home/ps/develop/evt/tiangong2dex_urdf/install/tiangong2dex_urdf/share/tiangong2dex_urdf/meshes_hand/right_thumb_3.STL
[0.123s] -- Up-to-date: /home/ps/develop/evt/tiangong2dex_urdf/install/tiangong2dex_urdf/share/tiangong2dex_urdf/meshes_hand/left_little_1.STL
[0.123s] -- Up-to-date: /home/ps/develop/evt/tiangong2dex_urdf/install/tiangong2dex_urdf/share/tiangong2dex_urdf/meshes_hand/left_ring_2.STL
[0.123s] -- Up-to-date: /home/ps/develop/evt/tiangong2dex_urdf/install/tiangong2dex_urdf/share/tiangong2dex_urdf/meshes_hand/left_little_2.STL
[0.123s] -- Up-to-date: /home/ps/develop/evt/tiangong2dex_urdf/install/tiangong2dex_urdf/share/tiangong2dex_urdf/meshes_hand/right_ring_1.STL
[0.123s] -- Up-to-date: /home/ps/develop/evt/tiangong2dex_urdf/install/tiangong2dex_urdf/share/tiangong2dex_urdf/meshes_hand/right_index_2.STL
[0.123s] -- Up-to-date: /home/ps/develop/evt/tiangong2dex_urdf/install/tiangong2dex_urdf/share/tiangong2dex_urdf/meshes_hand/right_middle_1.STL
[0.123s] -- Up-to-date: /home/ps/develop/evt/tiangong2dex_urdf/install/tiangong2dex_urdf/share/tiangong2dex_urdf/meshes_hand/left_middle_1.STL
[0.123s] -- Up-to-date: /home/ps/develop/evt/tiangong2dex_urdf/install/tiangong2dex_urdf/share/tiangong2dex_urdf/meshes_hand/left_thumb_3.STL
[0.124s] -- Up-to-date: /home/ps/develop/evt/tiangong2dex_urdf/install/tiangong2dex_urdf/share/tiangong2dex_urdf/meshes_hand/left_thumb_4.STL
[0.124s] -- Up-to-date: /home/ps/develop/evt/tiangong2dex_urdf/install/tiangong2dex_urdf/share/tiangong2dex_urdf/meshes_hand/left_thumb_1.STL
[0.124s] -- Up-to-date: /home/ps/develop/evt/tiangong2dex_urdf/install/tiangong2dex_urdf/share/tiangong2dex_urdf/meshes_hand/L_base_link.STL
[0.124s] -- Up-to-date: /home/ps/develop/evt/tiangong2dex_urdf/install/tiangong2dex_urdf/share/tiangong2dex_urdf/meshes_hand/right_thumb_2.STL
[0.124s] -- Up-to-date: /home/ps/develop/evt/tiangong2dex_urdf/install/tiangong2dex_urdf/share/tiangong2dex_urdf/meshes_hand/right_index_1.STL
[0.124s] -- Up-to-date: /home/ps/develop/evt/tiangong2dex_urdf/install/tiangong2dex_urdf/share/tiangong2dex_urdf/meshes_hand/left_ring_1.STL
[0.124s] -- Up-to-date: /home/ps/develop/evt/tiangong2dex_urdf/install/tiangong2dex_urdf/share/tiangong2dex_urdf/meshes_hand/left_index_2.STL
[0.124s] -- Up-to-date: /home/ps/develop/evt/tiangong2dex_urdf/install/tiangong2dex_urdf/share/tiangong2dex_urdf/meshes_hand/left_index_1.STL
[0.124s] -- Up-to-date: /home/ps/develop/evt/tiangong2dex_urdf/install/tiangong2dex_urdf/share/tiangong2dex_urdf/meshes_hand/left_thumb_2.STL
[0.124s] -- Up-to-date: /home/ps/develop/evt/tiangong2dex_urdf/install/tiangong2dex_urdf/share/tiangong2dex_urdf/meshes_hand/right_ring_2.STL
[0.124s] -- Up-to-date: /home/ps/develop/evt/tiangong2dex_urdf/install/tiangong2dex_urdf/share/tiangong2dex_urdf/meshes_hand/right_little_1.STL
[0.124s] -- Up-to-date: /home/ps/develop/evt/tiangong2dex_urdf/install/tiangong2dex_urdf/share/tiangong2dex_urdf/meshes_hand/right_thumb_1.STL
[0.124s] -- Up-to-date: /home/ps/develop/evt/tiangong2dex_urdf/install/tiangong2dex_urdf/share/tiangong2dex_urdf/meshes_hand/R_base_link.STL
[0.124s] -- Up-to-date: /home/ps/develop/evt/tiangong2dex_urdf/install/tiangong2dex_urdf/share/tiangong2dex_urdf/meshes_hand/right_little_2.STL
[0.124s] -- Up-to-date: /home/ps/develop/evt/tiangong2dex_urdf/install/tiangong2dex_urdf/share/tiangong2dex_urdf/meshes_hand/right_middle_2.STL
[0.124s] -- Up-to-date: /home/ps/develop/evt/tiangong2dex_urdf/install/tiangong2dex_urdf/share/tiangong2dex_urdf/meshes_hand/right_thumb_4.STL
[0.124s] -- Up-to-date: /home/ps/develop/evt/tiangong2dex_urdf/install/tiangong2dex_urdf/share/tiangong2dex_urdf/meshes_hand/left_middle_2.STL
[0.124s] -- Up-to-date: /home/ps/develop/evt/tiangong2dex_urdf/install/tiangong2dex_urdf/share/tiangong2dex_urdf/config
[0.124s] -- Up-to-date: /home/ps/develop/evt/tiangong2dex_urdf/install/tiangong2dex_urdf/share/tiangong2dex_urdf/config/display.rviz
[0.124s] -- Up-to-date: /home/ps/develop/evt/tiangong2dex_urdf/install/tiangong2dex_urdf/share/ament_index/resource_index/package_run_dependencies/tiangong2dex_urdf
[0.125s] -- Up-to-date: /home/ps/develop/evt/tiangong2dex_urdf/install/tiangong2dex_urdf/share/ament_index/resource_index/parent_prefix_path/tiangong2dex_urdf
[0.125s] -- Up-to-date: /home/ps/develop/evt/tiangong2dex_urdf/install/tiangong2dex_urdf/share/tiangong2dex_urdf/environment/ament_prefix_path.sh
[0.125s] -- Up-to-date: /home/ps/develop/evt/tiangong2dex_urdf/install/tiangong2dex_urdf/share/tiangong2dex_urdf/environment/ament_prefix_path.dsv
[0.125s] -- Up-to-date: /home/ps/develop/evt/tiangong2dex_urdf/install/tiangong2dex_urdf/share/tiangong2dex_urdf/environment/path.sh
[0.125s] -- Up-to-date: /home/ps/develop/evt/tiangong2dex_urdf/install/tiangong2dex_urdf/share/tiangong2dex_urdf/environment/path.dsv
[0.125s] -- Up-to-date: /home/ps/develop/evt/tiangong2dex_urdf/install/tiangong2dex_urdf/share/tiangong2dex_urdf/local_setup.bash
[0.125s] -- Up-to-date: /home/ps/develop/evt/tiangong2dex_urdf/install/tiangong2dex_urdf/share/tiangong2dex_urdf/local_setup.sh
[0.125s] -- Up-to-date: /home/ps/develop/evt/tiangong2dex_urdf/install/tiangong2dex_urdf/share/tiangong2dex_urdf/local_setup.zsh
[0.125s] -- Up-to-date: /home/ps/develop/evt/tiangong2dex_urdf/install/tiangong2dex_urdf/share/tiangong2dex_urdf/local_setup.dsv
[0.125s] -- Up-to-date: /home/ps/develop/evt/tiangong2dex_urdf/install/tiangong2dex_urdf/share/tiangong2dex_urdf/package.dsv
[0.125s] -- Up-to-date: /home/ps/develop/evt/tiangong2dex_urdf/install/tiangong2dex_urdf/share/ament_index/resource_index/packages/tiangong2dex_urdf
[0.125s] -- Up-to-date: /home/ps/develop/evt/tiangong2dex_urdf/install/tiangong2dex_urdf/share/tiangong2dex_urdf/cmake/tiangong2dex_urdfConfig.cmake
[0.125s] -- Up-to-date: /home/ps/develop/evt/tiangong2dex_urdf/install/tiangong2dex_urdf/share/tiangong2dex_urdf/cmake/tiangong2dex_urdfConfig-version.cmake
[0.125s] -- Up-to-date: /home/ps/develop/evt/tiangong2dex_urdf/install/tiangong2dex_urdf/share/tiangong2dex_urdf/package.xml
[0.126s] Invoked command in '/home/ps/develop/evt/tiangong2dex_urdf/build/tiangong2dex_urdf' returned '0': CMAKE_PREFIX_PATH=${CMAKE_PREFIX_PATH}:/opt/ros/humble /home/ps/.local/bin/cmake --install /home/ps/develop/evt/tiangong2dex_urdf/build/tiangong2dex_urdf
